<?xml version="1.0" encoding="UTF-8"?>
<!-- Generated by org.testng.reporters.JUnitReportReporter -->
<testsuite hostname="TekArch" failures="0" tests="6" name="sfdc.com.LoginTest" time="0.001" errors="1" timestamp="13 Aug 2022 19:30:25 GMT" skipped="5">
  <testcase classname="sfdc.com.LoginTest" name="loginErrorMessage_TC01" time="0.000">
    <skipped/>
  </testcase> <!-- loginErrorMessage_TC01 -->
  <testcase classname="sfdc.com.LoginTest" name="forgotPassword_TC04A" time="0.000">
    <skipped/>
  </testcase> <!-- forgotPassword_TC04A -->
  <testcase classname="sfdc.com.LoginTest" name="checkRememberMe_TC03" time="0.000">
    <skipped/>
  </testcase> <!-- checkRememberMe_TC03 -->
  <testcase classname="sfdc.com.LoginTest" name="driverSetup" time="0.001">
    <error message="Unresolved compilation problem: 
	The method getBrowser(String, boolean) is undefined for the type LoginPage
" type="java.lang.Error">
      <![CDATA[java.lang.Error: Unresolved compilation problem: 
The method getBrowser(String, boolean) is undefined for the type LoginPage

at sfdc.com.LoginTest.driverSetup(LoginTest.java:88)
at java.base/jdk.internal.reflect.DirectMethodHandleAccessor.invoke(DirectMethodHandleAccessor.java:104)
at java.base/java.lang.reflect.Method.invoke(Method.java:577)
at org.testng.internal.MethodInvocationHelper.invokeMethod(MethodInvocationHelper.java:124)
at org.testng.internal.MethodInvocationHelper.invokeMethodConsideringTimeout(MethodInvocationHelper.java:59)
at org.testng.internal.Invoker.invokeConfigurationMethod(Invoker.java:458)
at org.testng.internal.Invoker.invokeConfigurations(Invoker.java:222)
at org.testng.internal.Invoker.invokeConfigurations(Invoker.java:142)
at org.testng.internal.TestMethodWorker.invokeBeforeClassMethods(TestMethodWorker.java:168)
at org.testng.internal.TestMethodWorker.run(TestMethodWorker.java:105)
at org.testng.TestRunner.privateRun(TestRunner.java:648)
at org.testng.TestRunner.run(TestRunner.java:505)
at org.testng.SuiteRunner.runTest(SuiteRunner.java:455)
at org.testng.SuiteRunner.runSequentially(SuiteRunner.java:450)
at org.testng.SuiteRunner.privateRun(SuiteRunner.java:415)
at org.testng.SuiteRunner.run(SuiteRunner.java:364)
at org.testng.SuiteRunnerWorker.runSuite(SuiteRunnerWorker.java:52)
at org.testng.SuiteRunnerWorker.run(SuiteRunnerWorker.java:84)
at org.testng.TestNG.runSuitesSequentially(TestNG.java:1208)
at org.testng.TestNG.runSuitesLocally(TestNG.java:1137)
at org.testng.TestNG.runSuites(TestNG.java:1049)
at org.testng.TestNG.run(TestNG.java:1017)
at org.testng.remote.AbstractRemoteTestNG.run(AbstractRemoteTestNG.java:115)
at org.testng.remote.RemoteTestNG.initAndRun(RemoteTestNG.java:251)
at org.testng.remote.RemoteTestNG.main(RemoteTestNG.java:77)
]]>
    </error>
  </testcase> <!-- driverSetup -->
  <testcase classname="sfdc.com.LoginTest" name="forgotPassword_TC04B" time="0.000">
    <skipped/>
  </testcase> <!-- forgotPassword_TC04B -->
  <testcase classname="sfdc.com.LoginTest" name="loginToSFDC_TC02" time="0.000">
    <skipped/>
  </testcase> <!-- loginToSFDC_TC02 -->
</testsuite> <!-- sfdc.com.LoginTest -->
