<?xml version="1.0" encoding="UTF-8"?>
<!-- Generated by org.testng.reporters.JUnitReportReporter -->
<testsuite hostname="TekArch" failures="0" tests="1" name="sfdc.com.tests.UserMenuTest" time="70.981" errors="0" timestamp="15 Aug 2022 16:47:04 GMT" skipped="0">
  <testcase classname="sfdc.com.tests.UserMenuTest" name="editProfile_TC06" time="70.981"/>
</testsuite> <!-- sfdc.com.tests.UserMenuTest -->
