<?xml version="1.0" encoding="UTF-8"?>
<!-- Generated by org.testng.reporters.JUnitReportReporter -->
<testsuite hostname="TekArch" failures="0" tests="3" name="sfdc.com.TestNgDemo" time="0.030" errors="0" timestamp="11 Aug 2022 14:51:09 GMT">
  <testcase classname="sfdc.com.TestNgDemo" name="login" time="0.013"/>
  <testcase classname="sfdc.com.TestNgDemo" name="loginErrorMsg" time="0.007"/>
  <testcase classname="sfdc.com.TestNgDemo" name="LoginErrorMsg" time="0.010"/>
</testsuite> <!-- sfdc.com.TestNgDemo -->
